<?xml version="1.0" encoding="UTF-8"?>
<!-- Generated by org.testng.reporters.JUnitXMLReporter -->
<testsuite ignored="13" hostname="DESKTOP-OJ83L4L" failures="0" tests="7" name="Item Detail" time="0.083" errors="0" timestamp="2020-05-28T13:50:32 ICT">
  <testcase classname="com.project.test.Final_Project" name="@BeforeMethod beforeMethod" time="0.016">
    <failure type="java.lang.NoClassDefFoundError" message="org/openqa/selenium/remote/SessionNotFoundException">
      <![CDATA[java.lang.NoClassDefFoundError: org/openqa/selenium/remote/SessionNotFoundException
at com.project.test.Final_Project.beforeMethod(Final_Project.java:458)
at java.base/java.util.ArrayList.forEach(ArrayList.java:1510)
Caused by: java.lang.ClassNotFoundException: org.openqa.selenium.remote.SessionNotFoundException
at java.base/jdk.internal.loader.BuiltinClassLoader.loadClass(BuiltinClassLoader.java:602)
at java.base/jdk.internal.loader.ClassLoaders$AppClassLoader.loadClass(ClassLoaders.java:178)
at java.base/java.lang.ClassLoader.loadClass(ClassLoader.java:522)
... 34 more
... Removed 32 stack frames]]>
    </failure>
  </testcase> <!-- @BeforeMethod beforeMethod -->
  <testcase classname="com.project.test.Final_Project" name="@BeforeMethod beforeMethod" time="-1.590648632225E9">
    <skipped/>
  </testcase> <!-- @BeforeMethod beforeMethod -->
  <testcase classname="com.project.test.Final_Project" name="@BeforeMethod beforeMethod" time="-1.590648632231E9">
    <skipped/>
  </testcase> <!-- @BeforeMethod beforeMethod -->
  <testcase classname="com.project.test.Final_Project" name="@BeforeMethod beforeMethod" time="-1.590648632235E9">
    <skipped/>
  </testcase> <!-- @BeforeMethod beforeMethod -->
  <testcase classname="com.project.test.Final_Project" name="@BeforeMethod beforeMethod" time="-1.59064863224E9">
    <skipped/>
  </testcase> <!-- @BeforeMethod beforeMethod -->
  <testcase classname="com.project.test.Final_Project" name="@BeforeMethod beforeMethod" time="-1.590648632249E9">
    <skipped/>
  </testcase> <!-- @BeforeMethod beforeMethod -->
  <testcase classname="com.project.test.Final_Project" name="@BeforeMethod beforeMethod" time="-1.590648632265E9">
    <skipped/>
  </testcase> <!-- @BeforeMethod beforeMethod -->
  <testcase classname="com.project.test.Final_Project" name="TC11_2" time="0.0">
    <skipped/>
  </testcase> <!-- TC11_2 -->
  <testcase classname="com.project.test.Final_Project" name="TC11_3" time="0.0">
    <skipped/>
  </testcase> <!-- TC11_3 -->
  <testcase classname="com.project.test.Final_Project" name="TC11_4" time="0.0">
    <skipped/>
  </testcase> <!-- TC11_4 -->
  <testcase classname="com.project.test.Final_Project" name="sendToFriend" time="0.0">
    <skipped/>
  </testcase> <!-- sendToFriend -->
  <testcase classname="com.project.test.Final_Project" name="sharetoTwitter" time="0.0">
    <skipped/>
  </testcase> <!-- sharetoTwitter -->
  <testcase classname="com.project.test.Final_Project" name="testCase11_1" time="0.0">
    <skipped/>
  </testcase> <!-- testCase11_1 -->
  <testcase classname="com.project.test.Final_Project" name="writeAComment" time="0.0">
    <skipped/>
  </testcase> <!-- writeAComment -->
  <testcase classname="com.project.test.Final_Project" name="searchkeyworkSuggestion" time="0.0">
    <ignored/>
  </testcase> <!-- searchkeyworkSuggestion -->
  <testcase classname="com.project.test.Final_Project" name="searchResult" time="0.0">
    <ignored/>
  </testcase> <!-- searchResult -->
  <testcase classname="com.project.test.Final_Project" name="checkSearchPlaceHolder" time="0.0">
    <ignored/>
  </testcase> <!-- checkSearchPlaceHolder -->
  <testcase classname="com.project.test.Final_Project" name="purchaseReductionProduct" time="0.0">
    <ignored/>
  </testcase> <!-- purchaseReductionProduct -->
  <testcase classname="com.project.test.Final_Project" name="interrupCheckOut" time="0.0">
    <ignored/>
  </testcase> <!-- interrupCheckOut -->
  <testcase classname="com.project.test.Final_Project" name="checkTotalPrice" time="0.0">
    <ignored/>
  </testcase> <!-- checkTotalPrice -->
  <testcase classname="com.project.test.Final_Project" name="checkEmailP2" time="0.0">
    <ignored/>
  </testcase> <!-- checkEmailP2 -->
  <testcase classname="com.project.test.Final_Project" name="creatEmail" time="0.0">
    <ignored/>
  </testcase> <!-- creatEmail -->
  <testcase classname="com.project.test.Final_Project" name="checkNoSearchResult" time="0.0">
    <ignored/>
  </testcase> <!-- checkNoSearchResult -->
  <testcase classname="com.project.test.Final_Project" name="compareSuggAndActual" time="0.0">
    <ignored/>
  </testcase> <!-- compareSuggAndActual -->
  <testcase classname="com.project.test.Final_Project" name="checkPriceInfo" time="0.0">
    <ignored/>
  </testcase> <!-- checkPriceInfo -->
  <testcase classname="com.project.test.Final_Project" name="checkEmail" time="0.0">
    <ignored/>
  </testcase> <!-- checkEmail -->
  <testcase classname="com.project.test.Final_Project" name="createInvalidEmail" time="0.0">
    <ignored/>
  </testcase> <!-- createInvalidEmail -->
</testsuite> <!-- Item Detail -->
