<?xml version="1.0" encoding="UTF-8"?>
<!-- Generated by org.testng.reporters.JUnitXMLReporter -->
<testsuite ignored="14" hostname="DESKTOP-OJ83L4L" failures="4" tests="5" name="firefox" time="98.322" errors="0" timestamp="2020-05-29T17:53:21 ICT">
  <testcase classname="com.project.test.Final_Project" name="TC11_4" time="4.85">
    <failure type="org.openqa.selenium.ElementNotInteractableException" message="Element &amp;lt;span class=&amp;quot;cross&amp;quot;&amp;gt; could not be scrolled into view
Build info: version: &amp;apos;3.141.59&amp;apos;, revision: &amp;apos;e82be7d358&amp;apos;, time: &amp;apos;2018-11-14T08:25:53&amp;apos;
System info: host: &amp;apos;DESKTOP-OJ83L4L&amp;apos;, ip: &amp;apos;10.10.31.76&amp;apos;, os.name: &amp;apos;Windows 10&amp;apos;, os.arch: &amp;apos;amd64&amp;apos;, os.version: &amp;apos;10.0&amp;apos;, java.version: &amp;apos;14.0.1&amp;apos;
Driver info: org.openqa.selenium.remote.RemoteWebDriver
Capabilities {acceptInsecureCerts: true, browserName: firefox, browserVersion: 76.0.1, javascriptEnabled: true, moz:accessibilityChecks: false, moz:buildID: 20200507114007, moz:geckodriverVersion: 0.26.0, moz:headless: false, moz:processID: 17916, moz:profile: C:\Users\nhandt\AppData\Loc..., moz:shutdownTimeout: 60000, moz:useNonSpecCompliantPointerOrigin: false, moz:webdriverClick: true, pageLoadStrategy: normal, platform: WINDOWS, platformName: WINDOWS, platformVersion: 10.0, rotatable: false, setWindowRect: true, strictFileInteractability: false, timeouts: {implicit: 0, pageLoad: 300000, script: 30000}, unhandledPromptBehavior: dismiss and notify, webdriver.remote.sessionid: ca6ba52e-d698-470a-8492-33a...}
Session ID: ca6ba52e-d698-470a-8492-33ad006ee0b1">
      <![CDATA[org.openqa.selenium.ElementNotInteractableException: Element <span class="cross"> could not be scrolled into view
Build info: version: '3.141.59', revision: 'e82be7d358', time: '2018-11-14T08:25:53'
System info: host: 'DESKTOP-OJ83L4L', ip: '10.10.31.76', os.name: 'Windows 10', os.arch: 'amd64', os.version: '10.0', java.version: '14.0.1'
Driver info: org.openqa.selenium.remote.RemoteWebDriver
Capabilities {acceptInsecureCerts: true, browserName: firefox, browserVersion: 76.0.1, javascriptEnabled: true, moz:accessibilityChecks: false, moz:buildID: 20200507114007, moz:geckodriverVersion: 0.26.0, moz:headless: false, moz:processID: 17916, moz:profile: C:\Users\nhandt\AppData\Loc..., moz:shutdownTimeout: 60000, moz:useNonSpecCompliantPointerOrigin: false, moz:webdriverClick: true, pageLoadStrategy: normal, platform: WINDOWS, platformName: WINDOWS, platformVersion: 10.0, rotatable: false, setWindowRect: true, strictFileInteractability: false, timeouts: {implicit: 0, pageLoad: 300000, script: 30000}, unhandledPromptBehavior: dismiss and notify, webdriver.remote.sessionid: ca6ba52e-d698-470a-8492-33a...}
Session ID: ca6ba52e-d698-470a-8492-33ad006ee0b1
at org.openqa.selenium.remote.http.W3CHttpResponseCodec.createException(W3CHttpResponseCodec.java:187)
at org.openqa.selenium.remote.http.W3CHttpResponseCodec.decode(W3CHttpResponseCodec.java:122)
at org.openqa.selenium.remote.http.W3CHttpResponseCodec.decode(W3CHttpResponseCodec.java:49)
at org.openqa.selenium.remote.HttpCommandExecutor.execute(HttpCommandExecutor.java:158)
at org.openqa.selenium.remote.RemoteWebDriver.execute(RemoteWebDriver.java:552)
at org.openqa.selenium.remote.RemoteWebElement.execute(RemoteWebElement.java:285)
at org.openqa.selenium.remote.RemoteWebElement.click(RemoteWebElement.java:84)
at com.project.pages.ProductDetail.closeSuccesfulMessage(ProductDetail.java:98)
at com.project.test.Final_Project.TC11_4(Final_Project.java:382)
at java.base/java.util.ArrayList.forEach(ArrayList.java:1510)
at java.base/java.util.concurrent.FutureTask.run(FutureTask.java:264)
at java.base/java.util.concurrent.ThreadPoolExecutor.runWorker(ThreadPoolExecutor.java:1130)
at java.base/java.util.concurrent.ThreadPoolExecutor$Worker.run(ThreadPoolExecutor.java:630)
at java.base/java.lang.Thread.run(Thread.java:832)
... Removed 23 stack frames]]>
    </failure>
  </testcase> <!-- TC11_4 -->
  <testcase classname="com.project.test.Final_Project" name="sendToFriend" time="5.699">
    <failure type="java.lang.AssertionError" message="Can not send friend email expected [true] but found [false]">
      <![CDATA[java.lang.AssertionError: Can not send friend email expected [true] but found [false]
at com.project.test.Final_Project.sendToFriend(Final_Project.java:447)
at java.base/java.util.ArrayList.forEach(ArrayList.java:1510)
at java.base/java.util.concurrent.FutureTask.run(FutureTask.java:264)
at java.base/java.util.concurrent.ThreadPoolExecutor.runWorker(ThreadPoolExecutor.java:1130)
at java.base/java.util.concurrent.ThreadPoolExecutor$Worker.run(ThreadPoolExecutor.java:630)
at java.base/java.lang.Thread.run(Thread.java:832)
... Removed 21 stack frames]]>
    </failure>
  </testcase> <!-- sendToFriend -->
  <testcase classname="com.project.test.Final_Project" name="sharetoTwitter" time="4.793">
    <failure type="org.openqa.selenium.NoSuchElementException" message="Unable to locate element: //*[@id=&amp;quot;username_or_email&amp;quot;]
For documentation on this error, please visit: https://www.seleniumhq.org/exceptions/no_such_element.html
Build info: version: &amp;apos;3.141.59&amp;apos;, revision: &amp;apos;e82be7d358&amp;apos;, time: &amp;apos;2018-11-14T08:25:53&amp;apos;
System info: host: &amp;apos;DESKTOP-OJ83L4L&amp;apos;, ip: &amp;apos;10.10.31.76&amp;apos;, os.name: &amp;apos;Windows 10&amp;apos;, os.arch: &amp;apos;amd64&amp;apos;, os.version: &amp;apos;10.0&amp;apos;, java.version: &amp;apos;14.0.1&amp;apos;
Driver info: org.openqa.selenium.remote.RemoteWebDriver
Capabilities {acceptInsecureCerts: true, browserName: firefox, browserVersion: 76.0.1, javascriptEnabled: true, moz:accessibilityChecks: false, moz:buildID: 20200507114007, moz:geckodriverVersion: 0.26.0, moz:headless: false, moz:processID: 17756, moz:profile: C:\Users\nhandt\AppData\Loc..., moz:shutdownTimeout: 60000, moz:useNonSpecCompliantPointerOrigin: false, moz:webdriverClick: true, pageLoadStrategy: normal, platform: WINDOWS, platformName: WINDOWS, platformVersion: 10.0, rotatable: false, setWindowRect: true, strictFileInteractability: false, timeouts: {implicit: 0, pageLoad: 300000, script: 30000}, unhandledPromptBehavior: dismiss and notify, webdriver.remote.sessionid: 86cd0d46-5f6e-47bb-945d-97f...}
Session ID: 86cd0d46-5f6e-47bb-945d-97f13400bb78
*** Element info: {Using=xpath, value=//*[@id=&amp;quot;username_or_email&amp;quot;]}">
      <![CDATA[org.openqa.selenium.NoSuchElementException: Unable to locate element: //*[@id="username_or_email"]
For documentation on this error, please visit: https://www.seleniumhq.org/exceptions/no_such_element.html
Build info: version: '3.141.59', revision: 'e82be7d358', time: '2018-11-14T08:25:53'
System info: host: 'DESKTOP-OJ83L4L', ip: '10.10.31.76', os.name: 'Windows 10', os.arch: 'amd64', os.version: '10.0', java.version: '14.0.1'
Driver info: org.openqa.selenium.remote.RemoteWebDriver
Capabilities {acceptInsecureCerts: true, browserName: firefox, browserVersion: 76.0.1, javascriptEnabled: true, moz:accessibilityChecks: false, moz:buildID: 20200507114007, moz:geckodriverVersion: 0.26.0, moz:headless: false, moz:processID: 17756, moz:profile: C:\Users\nhandt\AppData\Loc..., moz:shutdownTimeout: 60000, moz:useNonSpecCompliantPointerOrigin: false, moz:webdriverClick: true, pageLoadStrategy: normal, platform: WINDOWS, platformName: WINDOWS, platformVersion: 10.0, rotatable: false, setWindowRect: true, strictFileInteractability: false, timeouts: {implicit: 0, pageLoad: 300000, script: 30000}, unhandledPromptBehavior: dismiss and notify, webdriver.remote.sessionid: 86cd0d46-5f6e-47bb-945d-97f...}
Session ID: 86cd0d46-5f6e-47bb-945d-97f13400bb78
*** Element info: {Using=xpath, value=//*[@id="username_or_email"]}
at org.openqa.selenium.remote.http.W3CHttpResponseCodec.createException(W3CHttpResponseCodec.java:187)
at org.openqa.selenium.remote.http.W3CHttpResponseCodec.decode(W3CHttpResponseCodec.java:122)
at org.openqa.selenium.remote.http.W3CHttpResponseCodec.decode(W3CHttpResponseCodec.java:49)
at org.openqa.selenium.remote.HttpCommandExecutor.execute(HttpCommandExecutor.java:158)
at org.openqa.selenium.remote.RemoteWebDriver.execute(RemoteWebDriver.java:552)
at org.openqa.selenium.remote.RemoteWebDriver.findElement(RemoteWebDriver.java:323)
at org.openqa.selenium.remote.RemoteWebDriver.findElementByXPath(RemoteWebDriver.java:428)
at org.openqa.selenium.By$ByXPath.findElement(By.java:353)
at org.openqa.selenium.remote.RemoteWebDriver.findElement(RemoteWebDriver.java:315)
at com.project.pages.ProductDetail.fillInfoToLoginTwitter(ProductDetail.java:124)
at com.project.test.Final_Project.sharetoTwitter(Final_Project.java:401)
at java.base/java.util.ArrayList.forEach(ArrayList.java:1510)
at java.base/java.util.concurrent.FutureTask.run(FutureTask.java:264)
at java.base/java.util.concurrent.ThreadPoolExecutor.runWorker(ThreadPoolExecutor.java:1130)
at java.base/java.util.concurrent.ThreadPoolExecutor$Worker.run(ThreadPoolExecutor.java:630)
at java.base/java.lang.Thread.run(Thread.java:832)
... Removed 23 stack frames]]>
    </failure>
  </testcase> <!-- sharetoTwitter -->
  <testcase classname="com.project.test.Final_Project" name="testCase11_1" time="7.251"/>
  <testcase classname="com.project.test.Final_Project" name="writeAComment" time="9.988">
    <failure type="java.lang.AssertionError" message="Can send review expected [true] but found [false]">
      <![CDATA[java.lang.AssertionError: Can send review expected [true] but found [false]
at com.project.test.Final_Project.writeAComment(Final_Project.java:425)
at java.base/java.util.ArrayList.forEach(ArrayList.java:1510)
at java.base/java.util.concurrent.FutureTask.run(FutureTask.java:264)
at java.base/java.util.concurrent.ThreadPoolExecutor.runWorker(ThreadPoolExecutor.java:1130)
at java.base/java.util.concurrent.ThreadPoolExecutor$Worker.run(ThreadPoolExecutor.java:630)
at java.base/java.lang.Thread.run(Thread.java:832)
... Removed 21 stack frames]]>
    </failure>
  </testcase> <!-- writeAComment -->
  <testcase classname="com.project.test.Final_Project" name="searchkeyworkSuggestion" time="0.0">
    <ignored/>
  </testcase> <!-- searchkeyworkSuggestion -->
  <testcase classname="com.project.test.Final_Project" name="searchResult" time="0.0">
    <ignored/>
  </testcase> <!-- searchResult -->
  <testcase classname="com.project.test.Final_Project" name="checkSearchPlaceHolder" time="0.0">
    <ignored/>
  </testcase> <!-- checkSearchPlaceHolder -->
  <testcase classname="com.project.test.Final_Project" name="purchaseReductionProduct" time="0.0">
    <ignored/>
  </testcase> <!-- purchaseReductionProduct -->
  <testcase classname="com.project.test.Final_Project" name="interrupCheckOut" time="0.0">
    <ignored/>
  </testcase> <!-- interrupCheckOut -->
  <testcase classname="com.project.test.Final_Project" name="checkTotalPrice" time="0.0">
    <ignored/>
  </testcase> <!-- checkTotalPrice -->
  <testcase classname="com.project.test.Final_Project" name="checkEmailP2" time="0.0">
    <ignored/>
  </testcase> <!-- checkEmailP2 -->
  <testcase classname="com.project.test.Final_Project" name="sampleTest" time="0.0">
    <ignored/>
  </testcase> <!-- sampleTest -->
  <testcase classname="com.project.test.Final_Project" name="creatEmail" time="0.0">
    <ignored/>
  </testcase> <!-- creatEmail -->
  <testcase classname="com.project.test.Final_Project" name="checkNoSearchResult" time="0.0">
    <ignored/>
  </testcase> <!-- checkNoSearchResult -->
  <testcase classname="com.project.test.Final_Project" name="compareSuggAndActual" time="0.0">
    <ignored/>
  </testcase> <!-- compareSuggAndActual -->
  <testcase classname="com.project.test.Final_Project" name="checkPriceInfo" time="0.0">
    <ignored/>
  </testcase> <!-- checkPriceInfo -->
  <testcase classname="com.project.test.Final_Project" name="checkEmail" time="0.0">
    <ignored/>
  </testcase> <!-- checkEmail -->
  <testcase classname="com.project.test.Final_Project" name="createInvalidEmail" time="0.0">
    <ignored/>
  </testcase> <!-- createInvalidEmail -->
</testsuite> <!-- firefox -->
